<?xml version="1.0" encoding="UTF-8"?>
<!-- Generated by org.testng.reporters.JUnitReportReporter -->
<testsuite hostname="L-356035546" failures="0" tests="1" name="com.Opencart.Loginpage" time="9.569" errors="0" timestamp="2023-05-18T14:35:29 IST" skipped="0">
  <testcase classname="com.Opencart.Loginpage" name="Login" time="9.569"/>
  <system-out/>
</testsuite> <!-- com.Opencart.Loginpage -->
