<?xml version="1.0" encoding="UTF-8"?>
<!-- Generated by org.testng.reporters.JUnitReportReporter -->
<testsuite hostname="L-356035546" failures="0" tests="1" name="EasymyTrip.Easymytrip" time="35.727" errors="0" timestamp="2023-05-18T14:44:27 IST" skipped="0">
  <testcase classname="EasymyTrip.Easymytrip" name="Mytrip" time="35.727"/>
  <system-out/>
</testsuite> <!-- EasymyTrip.Easymytrip -->
