<?xml version="1.0" encoding="UTF-8"?>
<!-- Generated by org.testng.reporters.JUnitReportReporter -->
<testsuite hostname="L-356035546" failures="0" tests="1" name="com.Opencart.OpencartRegistration" time="11.369" errors="0" timestamp="2023-05-18T13:12:45 IST" skipped="0">
  <testcase classname="com.Opencart.OpencartRegistration" name="LaunchOpencart" time="11.369"/>
  <system-out/>
</testsuite> <!-- com.Opencart.OpencartRegistration -->
